0x01, ROOT,  5356PC1, www.google.com, I
default_local,  www.google.com,  I
0x00, ROOT,  78.46.893.288PC1, www.TEstCase.org , R
default_local,  www.TEstCase.org ,  R
0x01, ROOT,  5356PC1, www.AmaZon.com, I
default_local,  www.AmaZon.com,  I
0x01, ROOT,  5356PC1, www.test.com, I 
default_local,  www.test.com,  I 
0x00, ROOT,  52.222.222.4PC1, www.usa.gov, R
default_local,  www.usa.gov,  R
0x01, ROOT,  5358PC1, www.starBuckstea.gov, I
default_local,  www.starBuckstea.gov,  I
0x00, ROOT,  85.22.45.783PC1, www.safari.org, R
default_local,  www.safari.org,  R
0x01, ROOT,  5354PC1, www.guGGenheim.org, I
default_local,  www.guGGenheim.org,  I
0x00, ROOT,  52.222.210.189PC1, www.AmaZon.com, R
default_local,  www.AmaZon.com,  R
0x01, ROOT,  5358PC1, www.USA.gov, I
default_local,  www.USA.gov,  I
0x00, ROOT,  59.024.89.289PC1, www.trafficcontrol.gov, R
default_local,  www.trafficcontrol.gov,  R
0x01, ROOT,  5356PC1, www.teachCape.cOm, I
default_local,  www.teachCape.cOm,  I
0x00, ROOT,  64.234.86.45PC1, www.china.gov, R
default_local,  www.china.gov,  R
OxFF, ROOT,  'Host Not Found'PC1, www.twitter.org, R
default_local,  www.twitter.org,  R
0x01, ROOT,  5356PC1, www.twitter.com, I
default_local,  www.twitter.com,  I
0x01, ROOT,  5358PC2, www.cm.GOV, I
default_local,  www.cm.GOV,  I
0x01, ROOT,  5354PC2, www.frEEwiFicafe.OrG, I
default_local,  www.frEEwiFicafe.OrG,  I
OxFF, ROOT,  'Host Not Found'PC2, www.trustedservice.org, R
default_local,  www.trustedservice.org,  R
0x01, ROOT,  5354PC2, www.google.org, I
default_local,  www.google.org,  I
0x01, ROOT,  5356PC2, www.RedRiverCleaningServices.com, I
default_local,  www.RedRiverCleaningServices.com,  I
